<?xml version="1.0" encoding="UTF-8"?>
<testng-results ignored="0" total="1" passed="1" failed="0" skipped="0">
  <reporter-output>
  </reporter-output>
  <suite started-at="2024-01-20T19:56:19 CST" name="Suite" finished-at="2024-01-20T19:56:38 CST" duration-ms="18485">
    <groups>
    </groups>
    <test started-at="2024-01-20T19:56:19 CST" name="Test" finished-at="2024-01-20T19:56:38 CST" duration-ms="18485">
      <class name="qa.tests.searchResultsYahoo">
        <test-method is-config="true" signature="beforeTestMethod()[pri:0, instance:qa.tests.searchResultsYahoo@165b8a71]" started-at="2024-01-20T19:56:19 CST" name="beforeTestMethod" finished-at="2024-01-20T19:56:20 CST" duration-ms="204" status="PASS">
          <reporter-output>
          </reporter-output>
        </test-method> <!-- beforeTestMethod -->
        <test-method is-config="true" signature="beforeMethod(java.lang.String,java.lang.reflect.Method)[pri:0, instance:qa.tests.searchResultsYahoo@165b8a71]" started-at="2024-01-20T19:56:20 CST" name="beforeMethod" finished-at="2024-01-20T19:56:31 CST" duration-ms="11416" status="PASS">
          <params>
            <param index="0">
              <value>
                <![CDATA[firefox]]>
              </value>
            </param>
            <param index="1">
              <value>
                <![CDATA[public void qa.tests.searchResultsYahoo.sampleMethodForSearchingResultsYahoo()]]>
              </value>
            </param>
          </params>
          <reporter-output>
          </reporter-output>
        </test-method> <!-- beforeMethod -->
        <test-method signature="sampleMethodForSearchingResultsYahoo()[pri:1, instance:qa.tests.searchResultsYahoo@165b8a71]" started-at="2024-01-20T19:56:31 CST" name="sampleMethodForSearchingResultsYahoo" finished-at="2024-01-20T19:56:33 CST" duration-ms="1907" status="PASS">
          <reporter-output>
          </reporter-output>
        </test-method> <!-- sampleMethodForSearchingResultsYahoo -->
        <test-method is-config="true" signature="afterMethod(org.testng.ITestResult)[pri:0, instance:qa.tests.searchResultsYahoo@165b8a71]" started-at="2024-01-20T19:56:33 CST" name="afterMethod" finished-at="2024-01-20T19:56:33 CST" duration-ms="11" status="PASS">
          <params>
            <param index="0">
              <value>
                <![CDATA[[TestResult name=sampleMethodForSearchingResultsYahoo status=SUCCESS method=searchResultsYahoo.sampleMethodForSearchingResultsYahoo()[pri:1, instance:qa.tests.searchResultsYahoo@165b8a71] output={null}]]]>
              </value>
            </param>
          </params>
          <reporter-output>
          </reporter-output>
        </test-method> <!-- afterMethod -->
        <test-method is-config="true" signature="afterTest()[pri:0, instance:qa.tests.searchResultsYahoo@165b8a71]" started-at="2024-01-20T19:56:33 CST" name="afterTest" finished-at="2024-01-20T19:56:38 CST" duration-ms="4908" status="PASS">
          <reporter-output>
          </reporter-output>
        </test-method> <!-- afterTest -->
      </class> <!-- qa.tests.searchResultsYahoo -->
    </test> <!-- Test -->
  </suite> <!-- Suite -->
</testng-results>
